TN:
SF:entrypoints/background.js
FN:24,connectNative
FN:29,(anonymous_1)
FN:34,(anonymous_2)
FN:40,(anonymous_3)
FN:56,(anonymous_4)
FN:61,(anonymous_5)
FN:77,(anonymous_6)
FN:84,(anonymous_7)
FN:104,(anonymous_8)
FN:106,(anonymous_9)
FN:111,(anonymous_10)
FN:129,(anonymous_11)
FN:131,(anonymous_12)
FN:136,(anonymous_13)
FN:147,(anonymous_14)
FNF:15
FNH:8
FNDA:6,connectNative
FNDA:0,(anonymous_1)
FNDA:0,(anonymous_2)
FNDA:0,(anonymous_3)
FNDA:0,(anonymous_4)
FNDA:0,(anonymous_5)
FNDA:0,(anonymous_6)
FNDA:6,(anonymous_7)
FNDA:3,(anonymous_8)
FNDA:2,(anonymous_9)
FNDA:2,(anonymous_10)
FNDA:1,(anonymous_11)
FNDA:1,(anonymous_12)
FNDA:1,(anonymous_13)
FNDA:0,(anonymous_14)
DA:18,6
DA:19,6
DA:22,6
DA:25,6
DA:26,6
DA:27,6
DA:29,6
DA:30,0
DA:31,0
DA:33,0
DA:34,0
DA:35,0
DA:40,6
DA:41,0
DA:42,0
DA:46,0
DA:47,0
DA:52,6
DA:56,6
DA:57,0
DA:59,0
DA:61,0
DA:62,0
DA:64,0
DA:65,0
DA:66,0
DA:67,0
DA:69,0
DA:70,0
DA:72,0
DA:77,0
DA:78,0
DA:79,0
DA:84,6
DA:85,6
DA:87,6
DA:88,1
DA:89,0
DA:90,0
DA:92,1
DA:93,1
DA:94,1
DA:96,0
DA:99,5
DA:100,3
DA:101,0
DA:102,0
DA:104,3
DA:105,3
DA:106,3
DA:107,3
DA:108,1
DA:109,1
DA:111,2
DA:112,2
DA:113,2
DA:114,2
DA:115,2
DA:118,3
DA:120,2
DA:121,2
DA:122,0
DA:123,0
DA:125,2
DA:126,1
DA:127,1
DA:129,1
DA:130,1
DA:131,1
DA:132,1
DA:133,0
DA:134,0
DA:136,1
DA:137,1
DA:138,1
DA:139,1
DA:140,1
DA:143,1
DA:147,6
DA:148,0
LF:80
LH:47
BRDA:25,0,0,0
BRDA:25,0,1,6
BRDA:30,1,0,0
BRDA:30,1,1,0
BRDA:30,2,0,0
BRDA:30,2,1,0
BRDA:31,3,0,0
BRDA:31,3,1,0
BRDA:31,4,0,0
BRDA:31,4,1,0
BRDA:57,5,0,0
BRDA:57,5,1,0
BRDA:62,6,0,0
BRDA:62,6,1,0
BRDA:64,7,0,0
BRDA:64,7,1,0
BRDA:65,8,0,0
BRDA:65,8,1,0
BRDA:85,9,0,0
BRDA:85,9,1,6
BRDA:87,10,0,1
BRDA:87,10,1,5
BRDA:88,11,0,0
BRDA:88,11,1,1
BRDA:99,12,0,3
BRDA:99,12,1,2
BRDA:100,13,0,0
BRDA:100,13,1,3
BRDA:100,14,0,3
BRDA:100,14,1,3
BRDA:106,15,0,2
BRDA:106,15,1,2
BRDA:107,16,0,1
BRDA:107,16,1,2
BRDA:113,17,0,0
BRDA:113,17,1,2
BRDA:114,18,0,0
BRDA:114,18,1,2
BRDA:120,19,0,2
BRDA:120,19,1,0
BRDA:121,20,0,0
BRDA:121,20,1,2
BRDA:121,21,0,2
BRDA:121,21,1,2
BRDA:125,22,0,1
BRDA:125,22,1,1
BRDA:125,23,0,2
BRDA:125,23,1,1
BRDA:131,24,0,1
BRDA:131,24,1,1
BRDA:132,25,0,0
BRDA:132,25,1,1
BRDA:138,26,0,0
BRDA:138,26,1,1
BRDA:139,27,0,0
BRDA:139,27,1,1
BRF:56
BRH:29
end_of_record
TN:
SF:entrypoints/content_extractor.js
FN:7,(anonymous_0)
FN:9,(anonymous_1)
FN:26,(anonymous_2)
FN:48,getAdapter
FN:77,runAdapter
FNF:5
FNH:0
FNDA:0,(anonymous_0)
FNDA:0,(anonymous_1)
FNDA:0,(anonymous_2)
FNDA:0,getAdapter
FNDA:0,runAdapter
DA:5,0
DA:7,0
DA:8,0
DA:9,0
DA:10,0
DA:11,0
DA:12,0
DA:14,0
DA:15,0
DA:22,0
DA:25,0
DA:26,0
DA:27,0
DA:28,0
DA:29,0
DA:30,0
DA:31,0
DA:33,0
DA:34,0
DA:36,0
DA:37,0
DA:44,0
DA:49,0
DA:53,0
DA:54,0
DA:55,0
DA:56,0
DA:60,0
DA:61,0
DA:62,0
DA:63,0
DA:65,0
DA:68,0
DA:69,0
DA:72,0
DA:73,0
DA:74,0
DA:78,0
DA:81,0
DA:82,0
DA:84,0
DA:88,0
DA:89,0
DA:91,0
DA:92,0
DA:96,0
DA:97,0
DA:100,0
LF:48
LH:0
BRDA:8,0,0,0
BRDA:8,0,1,0
BRDA:17,1,0,0
BRDA:17,1,1,0
BRDA:25,2,0,0
BRDA:25,2,1,0
BRDA:29,3,0,0
BRDA:29,3,1,0
BRDA:39,4,0,0
BRDA:39,4,1,0
BRDA:53,5,0,0
BRDA:53,5,1,0
BRDA:54,6,0,0
BRDA:54,6,1,0
BRDA:55,7,0,0
BRDA:55,7,1,0
BRDA:68,8,0,0
BRDA:68,8,1,0
BRDA:88,9,0,0
BRDA:88,9,1,0
BRDA:88,10,0,0
BRDA:88,10,1,0
BRDA:91,11,0,0
BRDA:91,11,1,0
BRDA:91,12,0,0
BRDA:91,12,1,0
BRDA:91,12,2,0
BRDA:96,13,0,0
BRDA:96,13,1,0
BRF:29
BRH:0
end_of_record
TN:
SF:entrypoints/adapters/chatgpt.js
FN:5,(anonymous_0)
FN:7,(anonymous_1)
FN:28,(anonymous_2)
FNF:3
FNH:3
FNDA:3,(anonymous_0)
FNDA:3,(anonymous_1)
FNDA:2,(anonymous_2)
DA:5,3
DA:8,3
DA:9,3
DA:12,2
DA:13,2
DA:14,2
DA:17,2
DA:19,2
DA:21,1
DA:22,1
DA:23,1
DA:26,1
DA:27,1
DA:28,1
DA:29,2
DA:30,2
DA:31,2
DA:32,2
DA:33,2
DA:36,1
LF:20
LH:20
BRDA:9,0,0,1
BRDA:9,0,1,2
BRDA:12,1,0,2
BRDA:12,1,1,2
BRDA:14,2,0,0
BRDA:14,2,1,2
BRDA:19,3,0,1
BRDA:19,3,1,1
BRDA:22,4,0,0
BRDA:22,4,1,1
BRDA:29,5,0,2
BRDA:29,5,1,0
BRDA:30,6,0,2
BRDA:30,6,1,0
BRDA:31,7,0,0
BRDA:31,7,1,2
BRF:16
BRH:11
end_of_record
TN:
SF:entrypoints/adapters/claude.js
FN:5,(anonymous_0)
FN:7,(anonymous_1)
FN:23,(anonymous_2)
FNF:3
FNH:3
FNDA:3,(anonymous_0)
FNDA:3,(anonymous_1)
FNDA:2,(anonymous_2)
DA:5,3
DA:9,3
DA:10,3
DA:11,3
DA:14,3
DA:16,3
DA:17,1
DA:18,1
DA:23,1
DA:24,2
DA:25,2
DA:29,2
DA:33,2
DA:34,2
DA:35,2
DA:38,1
DA:40,1
DA:49,2
DA:50,2
DA:51,1
DA:52,1
DA:53,1
DA:56,1
LF:23
LH:23
BRDA:9,0,0,3
BRDA:9,0,1,3
BRDA:11,1,0,0
BRDA:11,1,1,3
BRDA:16,2,0,1
BRDA:16,2,1,2
BRDA:25,3,0,0
BRDA:25,3,1,2
BRDA:29,4,0,2
BRDA:29,4,1,2
BRDA:29,4,2,2
BRDA:33,5,0,0
BRDA:33,5,1,2
BRDA:38,6,0,0
BRDA:38,6,1,1
BRDA:50,7,0,1
BRDA:50,7,1,1
BRDA:52,8,0,0
BRDA:52,8,1,1
BRF:19
BRH:14
end_of_record
TN:
SF:entrypoints/adapters/gemini.js
FN:20,(anonymous_0)
FN:25,(anonymous_1)
FN:29,(anonymous_2)
FN:64,(anonymous_3)
FN:65,(anonymous_4)
FN:66,(anonymous_5)
FN:100,(anonymous_6)
FN:101,(anonymous_7)
FN:102,(anonymous_8)
FN:132,(anonymous_9)
FN:164,(anonymous_10)
FNF:11
FNH:9
FNDA:5,(anonymous_0)
FNDA:2,(anonymous_1)
FNDA:4,(anonymous_2)
FNDA:4,(anonymous_3)
FNDA:4,(anonymous_4)
FNDA:4,(anonymous_5)
FNDA:7,(anonymous_6)
FNDA:7,(anonymous_7)
FNDA:5,(anonymous_8)
FNDA:0,(anonymous_9)
FNDA:0,(anonymous_10)
DA:12,1
DA:20,5
DA:26,2
DA:31,4
DA:33,4
DA:36,4
DA:40,4
DA:42,4
DA:43,2
DA:44,2
DA:46,2
DA:47,4
DA:48,4
DA:52,4
DA:58,4
DA:59,4
DA:62,4
DA:64,4
DA:65,4
DA:66,4
DA:70,4
DA:71,2
DA:74,4
DA:75,4
DA:76,4
DA:80,2
DA:81,2
DA:92,2
DA:96,2
DA:97,1
DA:98,1
DA:100,7
DA:101,7
DA:102,5
DA:105,1
DA:106,1
DA:117,1
DA:118,1
DA:119,1
DA:121,1
DA:122,1
DA:125,0
DA:133,0
DA:137,0
DA:142,0
DA:145,0
DA:146,0
DA:147,0
DA:150,0
DA:151,0
DA:156,0
DA:161,0
DA:164,0
DA:165,0
LF:54
LH:41
BRDA:31,0,0,4
BRDA:31,0,1,4
BRDA:33,1,0,4
BRDA:33,1,1,4
BRDA:33,1,2,4
BRDA:36,2,0,0
BRDA:36,2,1,4
BRDA:42,3,0,2
BRDA:42,3,1,2
BRDA:48,4,0,2
BRDA:48,4,1,2
BRDA:52,5,0,4
BRDA:52,5,1,4
BRDA:52,5,2,4
BRDA:52,5,3,4
BRDA:52,5,4,4
BRDA:58,6,0,4
BRDA:58,6,1,0
BRDA:59,7,0,0
BRDA:59,7,1,4
BRDA:70,8,0,2
BRDA:70,8,1,2
BRDA:74,9,0,4
BRDA:74,9,1,0
BRDA:80,10,0,2
BRDA:80,10,1,0
BRDA:92,11,0,2
BRDA:92,11,1,1
BRDA:92,11,2,1
BRDA:96,12,0,1
BRDA:96,12,1,1
BRDA:97,13,0,1
BRDA:97,13,1,0
BRDA:105,14,0,1
BRDA:105,14,1,0
BRDA:105,15,0,1
BRDA:105,15,1,1
BRDA:118,16,0,1
BRDA:118,16,1,1
BRDA:119,17,0,1
BRDA:119,17,1,1
BRDA:121,18,0,1
BRDA:121,18,1,0
BRDA:133,19,0,0
BRDA:133,19,1,0
BRDA:137,20,0,0
BRDA:137,20,1,0
BRDA:137,20,2,0
BRDA:137,20,3,0
BRDA:142,21,0,0
BRDA:142,21,1,0
BRDA:145,22,0,0
BRDA:145,22,1,0
BRDA:156,23,0,0
BRDA:156,23,1,0
BRDA:156,23,2,0
BRDA:156,23,3,0
BRDA:161,24,0,0
BRDA:161,24,1,0
BRF:59
BRH:35
end_of_record
TN:
SF:entrypoints/dashboard/api.js
FN:17,generateSummary
FN:86,getApiKey
FN:87,(anonymous_2)
FN:89,(anonymous_3)
FN:109,saveApiKey
FN:110,(anonymous_5)
FN:116,(anonymous_6)
FNF:7
FNH:7
FNDA:4,generateSummary
FNDA:2,getApiKey
FNDA:2,(anonymous_2)
FNDA:2,(anonymous_3)
FNDA:1,saveApiKey
FNDA:1,(anonymous_5)
FNDA:1,(anonymous_6)
DA:6,7
DA:7,7
DA:8,7
DA:18,4
DA:19,0
DA:21,4
DA:22,0
DA:26,4
DA:27,4
DA:50,0
DA:53,4
DA:54,1
DA:55,1
DA:56,1
DA:57,1
DA:61,1
DA:62,1
DA:63,0
DA:64,0
DA:68,3
DA:69,3
DA:71,0
DA:74,3
DA:75,3
DA:76,0
DA:79,3
DA:87,2
DA:88,2
DA:89,2
DA:90,2
DA:91,0
DA:92,0
DA:93,0
DA:95,2
DA:98,0
DA:99,0
DA:110,1
DA:111,1
DA:112,0
DA:113,0
DA:115,1
DA:116,1
DA:117,1
DA:118,0
DA:119,0
DA:121,1
DA:124,0
LF:47
LH:30
BRDA:18,0,0,0
BRDA:18,0,1,4
BRDA:18,1,0,4
BRDA:18,1,1,4
BRDA:18,1,2,4
BRDA:21,2,0,0
BRDA:21,2,1,4
BRDA:21,3,0,4
BRDA:21,3,1,4
BRDA:21,3,2,4
BRDA:53,4,0,1
BRDA:53,4,1,3
BRDA:57,5,0,1
BRDA:57,5,1,0
BRDA:61,6,0,0
BRDA:61,6,1,1
BRDA:62,7,0,1
BRDA:62,7,1,0
BRDA:63,8,0,0
BRDA:63,8,1,0
BRDA:75,9,0,0
BRDA:75,9,1,3
BRDA:75,10,0,3
BRDA:75,10,1,3
BRDA:75,10,2,3
BRDA:90,11,0,0
BRDA:90,11,1,2
BRDA:95,12,0,2
BRDA:95,12,1,1
BRDA:111,13,0,0
BRDA:111,13,1,1
BRDA:111,14,0,1
BRDA:111,14,1,1
BRDA:111,14,2,1
BRDA:117,15,0,0
BRDA:117,15,1,1
BRF:36
BRH:25
end_of_record
TN:
SF:entrypoints/dashboard/colors.js
FN:19,assignColors
FN:22,(anonymous_1)
FN:24,(anonymous_2)
FN:25,(anonymous_3)
FN:29,(anonymous_4)
FN:31,(anonymous_5)
FN:36,(anonymous_6)
FN:50,getColor
FNF:8
FNH:0
FNDA:0,assignColors
FNDA:0,(anonymous_1)
FNDA:0,(anonymous_2)
FNDA:0,(anonymous_3)
FNDA:0,(anonymous_4)
FNDA:0,(anonymous_5)
FNDA:0,(anonymous_6)
FNDA:0,getColor
DA:6,0
DA:12,0
DA:20,0
DA:22,0
DA:23,0
DA:24,0
DA:25,0
DA:28,0
DA:29,0
DA:30,0
DA:31,0
DA:32,0
DA:34,0
DA:36,0
DA:37,0
DA:42,0
DA:43,0
DA:51,0
LF:18
LH:0
BRDA:30,0,0,0
BRDA:30,0,1,0
BRDA:32,1,0,0
BRDA:32,1,1,0
BRDA:36,2,0,0
BRDA:36,2,1,0
BRDA:51,3,0,0
BRDA:51,3,1,0
BRF:8
BRH:0
end_of_record
TN:
SF:entrypoints/dashboard/events.js
FN:13,initEvents
FN:21,(anonymous_1)
FN:33,(anonymous_2)
FN:66,(anonymous_3)
FN:67,(anonymous_4)
FN:97,(anonymous_5)
FN:105,(anonymous_6)
FN:114,(anonymous_7)
FN:122,(anonymous_8)
FN:126,(anonymous_9)
FN:141,(anonymous_10)
FN:162,(anonymous_11)
FN:175,(anonymous_12)
FN:181,(anonymous_13)
FN:183,(anonymous_14)
FN:190,(anonymous_15)
FN:200,(anonymous_16)
FN:207,(anonymous_17)
FN:215,handleSendMessage
FN:217,(anonymous_19)
FN:246,(anonymous_20)
FN:257,(anonymous_21)
FN:263,triggerResync
FN:270,(anonymous_23)
FN:291,showSyncError
FN:301,buildMessagesHtml
FN:303,(anonymous_26)
FNF:27
FNH:0
FNDA:0,initEvents
FNDA:0,(anonymous_1)
FNDA:0,(anonymous_2)
FNDA:0,(anonymous_3)
FNDA:0,(anonymous_4)
FNDA:0,(anonymous_5)
FNDA:0,(anonymous_6)
FNDA:0,(anonymous_7)
FNDA:0,(anonymous_8)
FNDA:0,(anonymous_9)
FNDA:0,(anonymous_10)
FNDA:0,(anonymous_11)
FNDA:0,(anonymous_12)
FNDA:0,(anonymous_13)
FNDA:0,(anonymous_14)
FNDA:0,(anonymous_15)
FNDA:0,(anonymous_16)
FNDA:0,(anonymous_17)
FNDA:0,handleSendMessage
FNDA:0,(anonymous_19)
FNDA:0,(anonymous_20)
FNDA:0,(anonymous_21)
FNDA:0,triggerResync
FNDA:0,(anonymous_23)
FNDA:0,showSyncError
FNDA:0,buildMessagesHtml
FNDA:0,(anonymous_26)
DA:18,0
DA:21,0
DA:22,0
DA:23,0
DA:24,0
DA:25,0
DA:26,0
DA:28,0
DA:33,0
DA:34,0
DA:35,0
DA:36,0
DA:38,0
DA:39,0
DA:40,0
DA:41,0
DA:42,0
DA:43,0
DA:44,0
DA:47,0
DA:48,0
DA:49,0
DA:50,0
DA:52,0
DA:53,0
DA:54,0
DA:55,0
DA:56,0
DA:58,0
DA:59,0
DA:60,0
DA:61,0
DA:62,0
DA:64,0
DA:65,0
DA:66,0
DA:67,0
DA:68,0
DA:69,0
DA:70,0
DA:71,0
DA:72,0
DA:75,0
DA:76,0
DA:77,0
DA:79,0
DA:80,0
DA:81,0
DA:82,0
DA:83,0
DA:84,0
DA:85,0
DA:87,0
DA:90,0
DA:91,0
DA:92,0
DA:97,0
DA:98,0
DA:99,0
DA:100,0
DA:101,0
DA:105,0
DA:106,0
DA:107,0
DA:108,0
DA:109,0
DA:110,0
DA:114,0
DA:115,0
DA:116,0
DA:117,0
DA:118,0
DA:122,0
DA:123,0
DA:125,0
DA:126,0
DA:127,0
DA:129,0
DA:130,0
DA:131,0
DA:132,0
DA:133,0
DA:136,0
DA:137,0
DA:138,0
DA:139,0
DA:141,0
DA:142,0
DA:143,0
DA:144,0
DA:145,0
DA:146,0
DA:147,0
DA:148,0
DA:149,0
DA:150,0
DA:151,0
DA:152,0
DA:153,0
DA:154,0
DA:156,0
DA:162,0
DA:163,0
DA:164,0
DA:165,0
DA:166,0
DA:167,0
DA:168,0
DA:170,0
DA:175,0
DA:176,0
DA:177,0
DA:181,0
DA:182,0
DA:183,0
DA:184,0
DA:185,0
DA:186,0
DA:187,0
DA:188,0
DA:189,0
DA:190,0
DA:191,0
DA:192,0
DA:193,0
DA:195,0
DA:200,0
DA:201,0
DA:202,0
DA:207,0
DA:208,0
DA:209,0
DA:210,0
DA:216,0
DA:217,0
DA:218,0
DA:220,0
DA:221,0
DA:223,0
DA:224,0
DA:225,0
DA:228,0
DA:231,0
DA:232,0
DA:233,0
DA:234,0
DA:235,0
DA:238,0
DA:239,0
DA:243,0
DA:244,0
DA:246,0
DA:247,0
DA:248,0
DA:250,0
DA:251,0
DA:252,0
DA:253,0
DA:257,0
DA:258,0
DA:264,0
DA:265,0
DA:266,0
DA:267,0
DA:270,0
DA:271,0
DA:272,0
DA:273,0
DA:274,0
DA:276,0
DA:277,0
DA:279,0
DA:280,0
DA:282,0
DA:283,0
DA:284,0
DA:285,0
DA:287,0
DA:292,0
DA:293,0
DA:294,0
DA:302,0
DA:303,0
DA:304,0
DA:305,0
DA:312,0
DA:313,0
DA:315,0
LF:188
LH:0
BRDA:23,0,0,0
BRDA:23,0,1,0
BRDA:38,1,0,0
BRDA:38,1,1,0
BRDA:38,2,0,0
BRDA:38,2,1,0
BRDA:42,3,0,0
BRDA:42,3,1,0
BRDA:47,4,0,0
BRDA:47,4,1,0
BRDA:50,5,0,0
BRDA:50,5,1,0
BRDA:52,6,0,0
BRDA:52,6,1,0
BRDA:54,7,0,0
BRDA:54,7,1,0
BRDA:58,8,0,0
BRDA:58,8,1,0
BRDA:60,9,0,0
BRDA:60,9,1,0
BRDA:64,10,0,0
BRDA:64,10,1,0
BRDA:65,11,0,0
BRDA:65,11,1,0
BRDA:68,12,0,0
BRDA:68,12,1,0
BRDA:70,13,0,0
BRDA:70,13,1,0
BRDA:72,14,0,0
BRDA:72,14,1,0
BRDA:76,15,0,0
BRDA:76,15,1,0
BRDA:79,16,0,0
BRDA:79,16,1,0
BRDA:80,17,0,0
BRDA:80,17,1,0
BRDA:82,18,0,0
BRDA:82,18,1,0
BRDA:90,19,0,0
BRDA:90,19,1,0
BRDA:99,20,0,0
BRDA:99,20,1,0
BRDA:107,21,0,0
BRDA:107,21,1,0
BRDA:116,22,0,0
BRDA:116,22,1,0
BRDA:117,23,0,0
BRDA:117,23,1,0
BRDA:118,24,0,0
BRDA:118,24,1,0
BRDA:123,25,0,0
BRDA:123,25,1,0
BRDA:127,26,0,0
BRDA:127,26,1,0
BRDA:130,27,0,0
BRDA:130,27,1,0
BRDA:146,28,0,0
BRDA:146,28,1,0
BRDA:147,29,0,0
BRDA:147,29,1,0
BRDA:148,30,0,0
BRDA:148,30,1,0
BRDA:149,31,0,0
BRDA:149,31,1,0
BRDA:150,32,0,0
BRDA:150,33,0,0
BRDA:150,33,1,0
BRDA:151,34,0,0
BRDA:151,34,1,0
BRDA:151,35,0,0
BRDA:151,35,1,0
BRDA:152,36,0,0
BRDA:152,36,1,0
BRDA:152,37,0,0
BRDA:152,37,1,0
BRDA:156,38,0,0
BRDA:156,38,1,0
BRDA:156,39,0,0
BRDA:156,39,1,0
BRDA:163,40,0,0
BRDA:163,40,1,0
BRDA:165,41,0,0
BRDA:165,41,1,0
BRDA:177,42,0,0
BRDA:177,42,1,0
BRDA:184,43,0,0
BRDA:184,43,1,0
BRDA:185,44,0,0
BRDA:185,44,1,0
BRDA:185,45,0,0
BRDA:185,45,1,0
BRDA:187,46,0,0
BRDA:187,46,1,0
BRDA:190,47,0,0
BRDA:190,47,1,0
BRDA:201,48,0,0
BRDA:201,48,1,0
BRDA:208,49,0,0
BRDA:208,49,1,0
BRDA:208,50,0,0
BRDA:208,50,1,0
BRDA:208,50,2,0
BRDA:218,51,0,0
BRDA:218,51,1,0
BRDA:220,52,0,0
BRDA:220,52,1,0
BRDA:221,53,0,0
BRDA:221,53,1,0
BRDA:225,54,0,0
BRDA:225,54,1,0
BRDA:232,55,0,0
BRDA:232,55,1,0
BRDA:244,56,0,0
BRDA:244,56,1,0
BRDA:248,57,0,0
BRDA:248,57,1,0
BRDA:250,58,0,0
BRDA:250,58,1,0
BRDA:250,59,0,0
BRDA:250,59,1,0
BRDA:251,60,0,0
BRDA:251,60,1,0
BRDA:252,61,0,0
BRDA:252,61,1,0
BRDA:265,62,0,0
BRDA:265,62,1,0
BRDA:272,63,0,0
BRDA:272,63,1,0
BRDA:277,64,0,0
BRDA:277,64,1,0
BRDA:277,65,0,0
BRDA:277,65,1,0
BRDA:279,66,0,0
BRDA:279,67,0,0
BRDA:279,67,1,0
BRDA:280,68,0,0
BRDA:280,68,1,0
BRDA:280,69,0,0
BRDA:280,69,1,0
BRDA:282,70,0,0
BRDA:282,70,1,0
BRDA:282,71,0,0
BRDA:282,71,1,0
BRDA:283,72,0,0
BRDA:283,72,1,0
BRDA:292,73,0,0
BRDA:292,73,1,0
BRDA:293,74,0,0
BRDA:293,74,1,0
BRDA:297,75,0,0
BRDA:297,75,1,0
BRDA:302,76,0,0
BRDA:302,76,1,0
BRDA:302,77,0,0
BRDA:302,77,1,0
BRDA:304,78,0,0
BRDA:304,78,1,0
BRDA:307,79,0,0
BRDA:307,79,1,0
BRDA:308,80,0,0
BRDA:308,80,1,0
BRDA:312,81,0,0
BRDA:312,81,1,0
BRDA:312,82,0,0
BRDA:312,82,1,0
BRF:165
BRH:0
end_of_record
TN:
SF:entrypoints/dashboard/icons.js
FN:7,(anonymous_0)
FN:8,(anonymous_1)
FNF:2
FNH:0
FNDA:0,(anonymous_0)
FNDA:0,(anonymous_1)
DA:6,0
DA:7,0
DA:8,0
LF:3
LH:0
BRF:0
BRH:0
end_of_record
TN:
SF:entrypoints/dashboard/init.js
FN:9,initBackground
FN:12,(anonymous_1)
FNF:2
FNH:0
FNDA:0,initBackground
FNDA:0,(anonymous_1)
DA:10,0
DA:11,0
DA:12,0
DA:13,0
DA:14,0
DA:15,0
DA:16,0
DA:17,0
DA:20,0
LF:9
LH:0
BRDA:17,0,0,0
BRDA:17,0,1,0
BRF:2
BRH:0
end_of_record
TN:
SF:entrypoints/dashboard/main.js
FN:14,(anonymous_0)
FN:16,(anonymous_1)
FNF:2
FNH:0
FNDA:0,(anonymous_0)
FNDA:0,(anonymous_1)
DA:14,0
DA:16,0
DA:17,0
DA:21,0
DA:24,0
LF:5
LH:0
BRF:0
BRH:0
end_of_record
TN:
SF:entrypoints/dashboard/store.js
FN:25,initPort
FN:28,connect
FN:32,(anonymous_2)
FN:45,(anonymous_3)
FN:67,getAppData
FN:68,getCurrentId
FN:69,getExpandedFolders
FN:73,setAppData
FN:83,setCurrentId
FN:87,addFolder
FN:95,updateFolder
FN:97,(anonymous_11)
FN:103,deleteFolder
FN:110,(anonymous_13)
FN:111,(anonymous_14)
FN:114,(anonymous_15)
FN:115,(anonymous_16)
FN:121,addChat
FN:133,updateChat
FN:135,(anonymous_19)
FN:141,deleteChat
FN:143,(anonymous_21)
FN:149,sync
FN:151,(anonymous_23)
FNF:24
FNH:12
FNDA:0,initPort
FNDA:0,connect
FNDA:0,(anonymous_2)
FNDA:0,(anonymous_3)
FNDA:8,getAppData
FNDA:0,getCurrentId
FNDA:0,getExpandedFolders
FNDA:10,setAppData
FNDA:0,setCurrentId
FNDA:12,addFolder
FNDA:0,updateFolder
FNDA:0,(anonymous_11)
FNDA:4,deleteFolder
FNDA:16,(anonymous_13)
FNDA:3,(anonymous_14)
FNDA:8,(anonymous_15)
FNDA:2,(anonymous_16)
FNDA:4,addChat
FNDA:2,updateChat
FNDA:2,(anonymous_19)
FNDA:0,deleteChat
FNDA:0,(anonymous_21)
FNDA:22,sync
FNDA:0,(anonymous_23)
DA:9,9
DA:10,9
DA:11,9
DA:14,9
DA:16,9
DA:26,0
DA:29,0
DA:30,0
DA:32,0
DA:33,0
DA:34,0
DA:35,0
DA:36,0
DA:38,0
DA:39,0
DA:40,0
DA:41,0
DA:45,0
DA:46,0
DA:47,0
DA:48,0
DA:50,0
DA:54,0
DA:57,0
DA:58,0
DA:62,0
DA:67,8
DA:68,0
DA:69,0
DA:74,10
DA:75,0
DA:76,0
DA:78,10
DA:79,10
DA:80,10
DA:83,0
DA:88,12
DA:89,12
DA:90,12
DA:91,12
DA:92,12
DA:96,0
DA:97,0
DA:98,0
DA:99,0
DA:100,0
DA:104,4
DA:105,4
DA:106,4
DA:107,4
DA:108,7
DA:109,7
DA:110,16
DA:111,3
DA:112,7
DA:114,8
DA:115,4
DA:116,4
DA:122,4
DA:123,4
DA:124,4
DA:128,4
DA:129,4
DA:130,4
DA:134,2
DA:135,2
DA:136,2
DA:137,2
DA:138,2
DA:142,0
DA:143,0
DA:144,0
DA:150,22
DA:151,22
DA:152,0
DA:155,0
LF:76
LH:40
BRDA:33,0,0,0
BRDA:33,0,1,0
BRDA:34,1,0,0
BRDA:34,1,1,0
BRDA:39,2,0,0
BRDA:39,2,1,0
BRDA:40,3,0,0
BRDA:40,3,1,0
BRDA:74,4,0,0
BRDA:74,4,1,10
BRDA:74,5,0,10
BRDA:74,5,1,10
BRDA:79,6,0,1
BRDA:79,6,1,9
BRDA:80,7,0,1
BRDA:80,7,1,9
BRDA:88,8,0,0
BRDA:88,8,1,12
BRDA:89,9,0,12
BRDA:89,9,1,9
BRDA:96,10,0,0
BRDA:96,10,1,0
BRDA:98,11,0,0
BRDA:98,11,1,0
BRDA:104,12,0,0
BRDA:104,12,1,4
BRDA:122,13,0,0
BRDA:122,13,1,4
BRDA:123,14,0,0
BRDA:123,14,1,4
BRDA:134,15,0,0
BRDA:134,15,1,2
BRDA:136,16,0,0
BRDA:136,16,1,2
BRDA:142,17,0,0
BRDA:142,17,1,0
BRF:36
BRH:15
end_of_record
TN:
SF:entrypoints/dashboard/tree.js
FN:11,renderTree
FN:27,buildNode
FN:35,(anonymous_2)
FN:35,(anonymous_3)
FN:39,(anonymous_4)
FN:40,(anonymous_5)
FN:68,(anonymous_6)
FN:68,(anonymous_7)
FNF:8
FNH:0
FNDA:0,renderTree
FNDA:0,buildNode
FNDA:0,(anonymous_2)
FNDA:0,(anonymous_3)
FNDA:0,(anonymous_4)
FNDA:0,(anonymous_5)
FNDA:0,(anonymous_6)
FNDA:0,(anonymous_7)
DA:12,0
DA:13,0
DA:14,0
DA:16,0
DA:18,0
DA:19,0
DA:28,0
DA:29,0
DA:30,0
DA:32,0
DA:33,0
DA:35,0
DA:36,0
DA:37,0
DA:39,0
DA:40,0
DA:42,0
DA:43,0
DA:44,0
DA:60,0
DA:61,0
DA:62,0
DA:65,0
DA:68,0
DA:69,0
DA:70,0
DA:71,0
DA:72,0
DA:82,0
DA:85,0
LF:30
LH:0
BRDA:13,0,0,0
BRDA:13,0,1,0
BRDA:19,1,0,0
BRDA:19,1,1,0
BRDA:39,2,0,0
BRDA:39,2,1,0
BRDA:45,3,0,0
BRDA:45,3,1,0
BRDA:46,4,0,0
BRDA:46,4,1,0
BRDA:46,5,0,0
BRDA:46,5,1,0
BRDA:60,6,0,0
BRDA:60,6,1,0
BRDA:62,7,0,0
BRDA:62,7,1,0
BRDA:73,8,0,0
BRDA:73,8,1,0
BRDA:85,9,0,0
BRDA:85,9,1,0
BRF:20
BRH:0
end_of_record
TN:
SF:entrypoints/dashboard/view.js
FN:9,renderMainView
FN:19,(anonymous_1)
FN:23,(anonymous_2)
FN:28,renderFolderView
FN:32,(anonymous_4)
FN:33,(anonymous_5)
FN:36,(anonymous_6)
FN:39,(anonymous_7)
FN:62,renderChatView
FN:98,(anonymous_9)
FN:110,renderMessagesHtml
FN:112,(anonymous_11)
FN:130,showWelcome
FN:138,updateSummaryDisplay
FN:143,selectItem
FN:155,(anonymous_15)
FNF:16
FNH:0
FNDA:0,renderMainView
FNDA:0,(anonymous_1)
FNDA:0,(anonymous_2)
FNDA:0,renderFolderView
FNDA:0,(anonymous_4)
FNDA:0,(anonymous_5)
FNDA:0,(anonymous_6)
FNDA:0,(anonymous_7)
FNDA:0,renderChatView
FNDA:0,(anonymous_9)
FNDA:0,renderMessagesHtml
FNDA:0,(anonymous_11)
FNDA:0,showWelcome
FNDA:0,updateSummaryDisplay
FNDA:0,selectItem
FNDA:0,(anonymous_15)
DA:10,0
DA:11,0
DA:12,0
DA:14,0
DA:15,0
DA:17,0
DA:18,0
DA:19,0
DA:20,0
DA:22,0
DA:23,0
DA:24,0
DA:29,0
DA:30,0
DA:32,0
DA:33,0
DA:35,0
DA:36,0
DA:37,0
DA:39,0
DA:40,0
DA:43,0
DA:63,0
DA:65,0
DA:98,0
DA:99,0
DA:100,0
DA:104,0
DA:105,0
DA:106,0
DA:107,0
DA:111,0
DA:112,0
DA:113,0
DA:114,0
DA:121,0
DA:122,0
DA:124,0
DA:131,0
DA:132,0
DA:133,0
DA:134,0
DA:135,0
DA:139,0
DA:140,0
DA:144,0
DA:145,0
DA:146,0
DA:148,0
DA:149,0
DA:152,0
DA:153,0
DA:155,0
DA:156,0
DA:157,0
LF:55
LH:0
BRDA:17,0,0,0
BRDA:17,0,1,0
BRDA:20,1,0,0
BRDA:20,1,1,0
BRDA:24,2,0,0
BRDA:24,2,1,0
BRDA:51,3,0,0
BRDA:51,3,1,0
BRDA:56,4,0,0
BRDA:56,4,1,0
BRDA:79,5,0,0
BRDA:79,5,1,0
BRDA:100,6,0,0
BRDA:100,6,1,0
BRDA:106,7,0,0
BRDA:106,7,1,0
BRDA:106,8,0,0
BRDA:106,8,1,0
BRDA:107,9,0,0
BRDA:107,9,1,0
BRDA:107,10,0,0
BRDA:107,10,1,0
BRDA:111,11,0,0
BRDA:111,11,1,0
BRDA:111,12,0,0
BRDA:111,12,1,0
BRDA:113,13,0,0
BRDA:113,13,1,0
BRDA:116,14,0,0
BRDA:116,14,1,0
BRDA:117,15,0,0
BRDA:117,15,1,0
BRDA:121,16,0,0
BRDA:121,16,1,0
BRDA:121,17,0,0
BRDA:121,17,1,0
BRDA:140,18,0,0
BRDA:140,18,1,0
BRDA:148,19,0,0
BRDA:148,19,1,0
BRDA:157,20,0,0
BRDA:157,20,1,0
BRF:42
BRH:0
end_of_record
